-------------------------------------------------------------------------------
Test set: TestSuite
-------------------------------------------------------------------------------
Tests run: 2, Failures: 1, Errors: 0, Skipped: 0, Time elapsed: 4.185 sec <<< FAILURE!
testGetAccountMetadata(org.jclouds.openstack.swift.v1.features.AccountApiLiveTest)  Time elapsed: 0.002 sec  <<< FAILURE!
java.lang.NullPointerException
	at org.jclouds.openstack.swift.v1.features.AccountApiLiveTest.testGetAccountMetadata(AccountApiLiveTest.java:36)
